(x,y)
0:(0,0)
1:(0,1)
2:(0,2)
3:(0,3)
4:(0,4)
5:(0,5)
6:(0,6)
7:(0,7)
8:(1,0)
9:(1,1)
10:(1,2)
11:(1,3)
12:(1,4)
13:(1,5)
14:(1,6)
15:(1,7)
16:(2,0)
17:(2,1)
18:(2,2)
19:(2,3)
20:(2,4)
21:(2,5)
22:(2,6)
23:(2,7)
24:(3,0)
25:(3,1)
26:(3,2)
27:(3,3)
28:(3,4)
29:(3,5)
30:(3,6)
31:(3,7)
32:(4,0)
33:(4,1)
34:(4,2)
35:(4,3)
36:(4,4)
37:(4,5)
38:(4,6)
39:(4,7)
40:(5,0)
41:(5,1)
42:(5,2)
43:(5,3)
44:(5,4)
45:(5,5)
46:(5,6)
47:(5,7)
48:(6,0)
49:(6,1)
50:(6,2)
51:(6,3)
52:(6,4)
53:(6,5)
54:(6,6)
55:(6,7)
56:(7,0)
57:(7,1)
58:(7,2)
59:(7,3)
60:(7,4)
61:(7,5)
62:(7,6)
63:(7,7)
